<?xml version="1.0" encoding="UTF-8"?>
<coverage generated="1620696506679" clover="3.2.0">
  <project timestamp="1620696506679" name="All files">
    <metrics statements="56" coveredstatements="56" conditionals="44" coveredconditionals="40" methods="18" coveredmethods="18" elements="118" coveredelements="114" complexity="0" loc="56" ncloc="56" packages="1" files="1" classes="1"/>
    <file name="functions.js" path="/home/mavelar/maestro-dev/coverage-monitor/src/functions.js">
      <metrics statements="56" coveredstatements="56" conditionals="44" coveredconditionals="40" methods="18" coveredmethods="18"/>
      <line num="1" count="1" type="stmt"/>
      <line num="2" count="1" type="stmt"/>
      <line num="4" count="2" type="stmt"/>
      <line num="6" count="2" type="stmt"/>
      <line num="7" count="2" type="cond" truecount="2" falsecount="0"/>
      <line num="8" count="1" type="stmt"/>
      <line num="10" count="1" type="stmt"/>
      <line num="16" count="1" type="stmt"/>
      <line num="19" count="2" type="stmt"/>
      <line num="23" count="4" type="cond" truecount="1" falsecount="1"/>
      <line num="29" count="4" type="stmt"/>
      <line num="31" count="4" type="cond" truecount="2" falsecount="0"/>
      <line num="32" count="1" type="stmt"/>
      <line num="35" count="3" type="cond" truecount="2" falsecount="0"/>
      <line num="36" count="2" type="stmt"/>
      <line num="39" count="1" type="stmt"/>
      <line num="43" count="1" type="stmt"/>
      <line num="44" count="1" type="stmt"/>
      <line num="63" count="1" type="stmt"/>
      <line num="64" count="1" type="stmt"/>
      <line num="65" count="1" type="stmt"/>
      <line num="66" count="1" type="stmt"/>
      <line num="68" count="1" type="stmt"/>
      <line num="70" count="1" type="stmt"/>
      <line num="74" count="2" type="stmt"/>
      <line num="78" count="3" type="cond" truecount="2" falsecount="0"/>
      <line num="84" count="2" type="stmt"/>
      <line num="88" count="2" type="stmt"/>
      <line num="95" count="1" type="stmt"/>
      <line num="110" count="3" type="cond" truecount="2" falsecount="0"/>
      <line num="111" count="1" type="stmt"/>
      <line num="119" count="2" type="cond" truecount="2" falsecount="0"/>
      <line num="120" count="1" type="stmt"/>
      <line num="128" count="1" type="stmt"/>
      <line num="137" count="2" type="cond" truecount="2" falsecount="0"/>
      <line num="138" count="1" type="stmt"/>
      <line num="141" count="1" type="stmt"/>
      <line num="145" count="8" type="cond" truecount="2" falsecount="0"/>
      <line num="151" count="8" type="stmt"/>
      <line num="155" count="4" type="stmt"/>
      <line num="156" count="4" type="stmt"/>
      <line num="157" count="4" type="stmt"/>
      <line num="158" count="4" type="stmt"/>
      <line num="159" count="4" type="cond" truecount="2" falsecount="0"/>
      <line num="160" count="4" type="cond" truecount="2" falsecount="0"/>
      <line num="161" count="4" type="cond" truecount="2" falsecount="0"/>
      <line num="162" count="4" type="cond" truecount="2" falsecount="0"/>
      <line num="163" count="4" type="stmt"/>
      <line num="165" count="4" type="cond" truecount="2" falsecount="0"/>
      <line num="166" count="2" type="stmt"/>
      <line num="169" count="4" type="stmt"/>
      <line num="191" count="11" type="cond" truecount="2" falsecount="0"/>
      <line num="193" count="11" type="cond" truecount="5" falsecount="0"/>
      <line num="194" count="10" type="stmt"/>
      <line num="197" count="1" type="stmt"/>
      <line num="204" count="1" type="stmt"/>
    </file>
  </project>
</coverage>
