<?xml version="1.0" encoding="UTF-8"?>
<coverage generated="1620697269629" clover="3.2.0">
  <project timestamp="1620697269629" name="All files">
    <metrics statements="59" coveredstatements="59" conditionals="44" coveredconditionals="40" methods="18" coveredmethods="18" elements="121" coveredelements="117" complexity="0" loc="59" ncloc="59" packages="1" files="1" classes="1"/>
    <file name="functions.js" path="/home/mavelar/maestro-dev/coverage-monitor/src/functions.js">
      <metrics statements="59" coveredstatements="59" conditionals="44" coveredconditionals="40" methods="18" coveredmethods="18"/>
      <line num="1" count="1" type="stmt"/>
      <line num="2" count="1" type="stmt"/>
      <line num="4" count="2" type="stmt"/>
      <line num="6" count="2" type="stmt"/>
      <line num="7" count="2" type="cond" truecount="2" falsecount="0"/>
      <line num="8" count="1" type="stmt"/>
      <line num="10" count="1" type="stmt"/>
      <line num="16" count="1" type="stmt"/>
      <line num="19" count="2" type="stmt"/>
      <line num="23" count="4" type="cond" truecount="1" falsecount="1"/>
      <line num="29" count="4" type="stmt"/>
      <line num="31" count="4" type="cond" truecount="2" falsecount="0"/>
      <line num="32" count="1" type="stmt"/>
      <line num="35" count="3" type="cond" truecount="2" falsecount="0"/>
      <line num="36" count="2" type="stmt"/>
      <line num="39" count="1" type="stmt"/>
      <line num="43" count="1" type="stmt"/>
      <line num="44" count="1" type="stmt"/>
      <line num="63" count="1" type="stmt"/>
      <line num="64" count="1" type="stmt"/>
      <line num="65" count="1" type="stmt"/>
      <line num="66" count="1" type="stmt"/>
      <line num="68" count="1" type="stmt"/>
      <line num="70" count="1" type="stmt"/>
      <line num="74" count="2" type="stmt"/>
      <line num="78" count="3" type="cond" truecount="2" falsecount="0"/>
      <line num="84" count="2" type="stmt"/>
      <line num="88" count="2" type="stmt"/>
      <line num="95" count="1" type="stmt"/>
      <line num="110" count="3" type="cond" truecount="2" falsecount="0"/>
      <line num="111" count="1" type="stmt"/>
      <line num="119" count="2" type="cond" truecount="2" falsecount="0"/>
      <line num="120" count="1" type="stmt"/>
      <line num="128" count="1" type="stmt"/>
      <line num="137" count="2" type="stmt"/>
      <line num="139" count="2" type="cond" truecount="2" falsecount="0"/>
      <line num="140" count="1" type="stmt"/>
      <line num="142" count="1" type="stmt"/>
      <line num="145" count="1" type="stmt"/>
      <line num="147" count="1" type="stmt"/>
      <line num="151" count="8" type="cond" truecount="2" falsecount="0"/>
      <line num="157" count="8" type="stmt"/>
      <line num="161" count="4" type="stmt"/>
      <line num="162" count="4" type="stmt"/>
      <line num="163" count="4" type="stmt"/>
      <line num="164" count="4" type="stmt"/>
      <line num="165" count="4" type="cond" truecount="2" falsecount="0"/>
      <line num="166" count="4" type="cond" truecount="2" falsecount="0"/>
      <line num="167" count="4" type="cond" truecount="2" falsecount="0"/>
      <line num="168" count="4" type="cond" truecount="2" falsecount="0"/>
      <line num="169" count="4" type="stmt"/>
      <line num="171" count="4" type="cond" truecount="2" falsecount="0"/>
      <line num="172" count="2" type="stmt"/>
      <line num="175" count="4" type="stmt"/>
      <line num="197" count="11" type="cond" truecount="2" falsecount="0"/>
      <line num="199" count="11" type="cond" truecount="5" falsecount="0"/>
      <line num="200" count="10" type="stmt"/>
      <line num="203" count="1" type="stmt"/>
      <line num="210" count="1" type="stmt"/>
    </file>
  </project>
</coverage>
