{"/home/mavelar/maestro-dev/coverage-monitor/src/functions.js": {"path":"/home/mavelar/maestro-dev/coverage-monitor/src/functions.js","statementMap":{"0":{"start":{"line":1,"column":15},"end":{"line":1,"column":32}},"1":{"start":{"line":2,"column":11},"end":{"line":2,"column":24}},"2":{"start":{"line":4,"column":0},"end":{"line":14,"column":2}},"3":{"start":{"line":4,"column":33},"end":{"line":14,"column":1}},"4":{"start":{"line":6,"column":4},"end":{"line":12,"column":7}},"5":{"start":{"line":7,"column":6},"end":{"line":11,"column":7}},"6":{"start":{"line":8,"column":8},"end":{"line":8,"column":20}},"7":{"start":{"line":10,"column":8},"end":{"line":10,"column":49}},"8":{"start":{"line":16,"column":15},"end":{"line":16,"column":47}},"9":{"start":{"line":19,"column":2},"end":{"line":19,"column":69}},"10":{"start":{"line":23,"column":2},"end":{"line":25,"column":8}},"11":{"start":{"line":29,"column":30},"end":{"line":29,"column":42}},"12":{"start":{"line":31,"column":2},"end":{"line":33,"column":3}},"13":{"start":{"line":32,"column":4},"end":{"line":32,"column":17}},"14":{"start":{"line":35,"column":2},"end":{"line":37,"column":3}},"15":{"start":{"line":36,"column":4},"end":{"line":36,"column":20}},"16":{"start":{"line":39,"column":2},"end":{"line":39,"column":17}},"17":{"start":{"line":43,"column":15},"end":{"line":43,"column":56}},"18":{"start":{"line":44,"column":17},"end":{"line":61,"column":3}},"19":{"start":{"line":63,"column":2},"end":{"line":63,"column":55}},"20":{"start":{"line":64,"column":2},"end":{"line":64,"column":45}},"21":{"start":{"line":65,"column":2},"end":{"line":65,"column":49}},"22":{"start":{"line":66,"column":2},"end":{"line":66,"column":51}},"23":{"start":{"line":68,"column":2},"end":{"line":68,"column":78}},"24":{"start":{"line":70,"column":2},"end":{"line":70,"column":16}},"25":{"start":{"line":74,"column":2},"end":{"line":74,"column":123}},"26":{"start":{"line":78,"column":2},"end":{"line":80,"column":9}},"27":{"start":{"line":84,"column":2},"end":{"line":84,"column":46}},"28":{"start":{"line":88,"column":2},"end":{"line":88,"column":63}},"29":{"start":{"line":95,"column":2},"end":{"line":102,"column":2}},"30":{"start":{"line":110,"column":2},"end":{"line":117,"column":3}},"31":{"start":{"line":111,"column":4},"end":{"line":116,"column":6}},"32":{"start":{"line":119,"column":2},"end":{"line":126,"column":3}},"33":{"start":{"line":120,"column":4},"end":{"line":125,"column":6}},"34":{"start":{"line":128,"column":2},"end":{"line":133,"column":4}},"35":{"start":{"line":137,"column":2},"end":{"line":139,"column":3}},"36":{"start":{"line":138,"column":4},"end":{"line":138,"column":17}},"37":{"start":{"line":141,"column":2},"end":{"line":141,"column":14}},"38":{"start":{"line":145,"column":2},"end":{"line":147,"column":23}},"39":{"start":{"line":151,"column":2},"end":{"line":151,"column":19}},"40":{"start":{"line":155,"column":18},"end":{"line":155,"column":45}},"41":{"start":{"line":156,"column":16},"end":{"line":156,"column":41}},"42":{"start":{"line":157,"column":22},"end":{"line":157,"column":66}},"43":{"start":{"line":158,"column":21},"end":{"line":158,"column":64}},"44":{"start":{"line":159,"column":25},"end":{"line":159,"column":65}},"45":{"start":{"line":160,"column":27},"end":{"line":160,"column":69}},"46":{"start":{"line":161,"column":24},"end":{"line":161,"column":71}},"47":{"start":{"line":162,"column":25},"end":{"line":162,"column":73}},"48":{"start":{"line":163,"column":20},"end":{"line":163,"column":44}},"49":{"start":{"line":165,"column":2},"end":{"line":167,"column":3}},"50":{"start":{"line":166,"column":4},"end":{"line":166,"column":28}},"51":{"start":{"line":169,"column":2},"end":{"line":179,"column":4}},"52":{"start":{"line":191,"column":6},"end":{"line":191,"column":19}},"53":{"start":{"line":193,"column":2},"end":{"line":195,"column":3}},"54":{"start":{"line":194,"column":4},"end":{"line":194,"column":63}},"55":{"start":{"line":197,"column":2},"end":{"line":201,"column":4}},"56":{"start":{"line":204,"column":0},"end":{"line":216,"column":2}}},"fnMap":{"0":{"name":"(anonymous_0)","decl":{"start":{"line":4,"column":19},"end":{"line":4,"column":20}},"loc":{"start":{"line":4,"column":33},"end":{"line":14,"column":1}},"line":4},"1":{"name":"(anonymous_1)","decl":{"start":{"line":5,"column":2},"end":{"line":5,"column":3}},"loc":{"start":{"line":5,"column":23},"end":{"line":13,"column":3}},"line":5},"2":{"name":"(anonymous_2)","decl":{"start":{"line":6,"column":49},"end":{"line":6,"column":50}},"loc":{"start":{"line":6,"column":64},"end":{"line":12,"column":5}},"line":6},"3":{"name":"readFile","decl":{"start":{"line":18,"column":15},"end":{"line":18,"column":23}},"loc":{"start":{"line":18,"column":34},"end":{"line":20,"column":1}},"line":18},"4":{"name":"calcRate","decl":{"start":{"line":22,"column":9},"end":{"line":22,"column":17}},"loc":{"start":{"line":22,"column":38},"end":{"line":26,"column":1}},"line":22},"5":{"name":"calculateLevel","decl":{"start":{"line":28,"column":9},"end":{"line":28,"column":23}},"loc":{"start":{"line":28,"column":85},"end":{"line":40,"column":1}},"line":28},"6":{"name":"readMetric","decl":{"start":{"line":42,"column":9},"end":{"line":42,"column":19}},"loc":{"start":{"line":42,"column":83},"end":{"line":71,"column":1}},"line":42},"7":{"name":"generateBadgeUrl","decl":{"start":{"line":73,"column":9},"end":{"line":73,"column":25}},"loc":{"start":{"line":73,"column":34},"end":{"line":75,"column":1}},"line":73},"8":{"name":"generateEmoji","decl":{"start":{"line":77,"column":9},"end":{"line":77,"column":22}},"loc":{"start":{"line":77,"column":31},"end":{"line":81,"column":1}},"line":77},"9":{"name":"generateInfo","decl":{"start":{"line":83,"column":9},"end":{"line":83,"column":21}},"loc":{"start":{"line":83,"column":48},"end":{"line":85,"column":1}},"line":83},"10":{"name":"generateCommentHeader","decl":{"start":{"line":87,"column":9},"end":{"line":87,"column":30}},"loc":{"start":{"line":87,"column":51},"end":{"line":89,"column":1}},"line":87},"11":{"name":"generateTable","decl":{"start":{"line":91,"column":9},"end":{"line":91,"column":22}},"loc":{"start":{"line":94,"column":3},"end":{"line":103,"column":1}},"line":94},"12":{"name":"generateStatus","decl":{"start":{"line":105,"column":9},"end":{"line":105,"column":23}},"loc":{"start":{"line":109,"column":3},"end":{"line":134,"column":1}},"line":109},"13":{"name":"checkStatus","decl":{"start":{"line":136,"column":9},"end":{"line":136,"column":20}},"loc":{"start":{"line":136,"column":29},"end":{"line":142,"column":1}},"line":136},"14":{"name":"toBool","decl":{"start":{"line":144,"column":9},"end":{"line":144,"column":15}},"loc":{"start":{"line":144,"column":23},"end":{"line":148,"column":1}},"line":144},"15":{"name":"toInt","decl":{"start":{"line":150,"column":9},"end":{"line":150,"column":14}},"loc":{"start":{"line":150,"column":22},"end":{"line":152,"column":1}},"line":150},"16":{"name":"loadConfig","decl":{"start":{"line":154,"column":9},"end":{"line":154,"column":19}},"loc":{"start":{"line":154,"column":34},"end":{"line":180,"column":1}},"line":154},"17":{"name":"parseWebhook","decl":{"start":{"line":182,"column":9},"end":{"line":182,"column":21}},"loc":{"start":{"line":182,"column":31},"end":{"line":202,"column":1}},"line":182}},"branchMap":{"0":{"loc":{"start":{"line":7,"column":6},"end":{"line":11,"column":7}},"type":"if","locations":[{"start":{"line":7,"column":6},"end":{"line":11,"column":7}},{"start":{"line":7,"column":6},"end":{"line":11,"column":7}}],"line":7},"1":{"loc":{"start":{"line":23,"column":9},"end":{"line":25,"column":7}},"type":"cond-expr","locations":[{"start":{"line":24,"column":6},"end":{"line":24,"column":52}},{"start":{"line":25,"column":6},"end":{"line":25,"column":7}}],"line":23},"2":{"loc":{"start":{"line":28,"column":32},"end":{"line":28,"column":83}},"type":"default-arg","locations":[{"start":{"line":28,"column":81},"end":{"line":28,"column":83}}],"line":28},"3":{"loc":{"start":{"line":28,"column":34},"end":{"line":28,"column":53}},"type":"default-arg","locations":[{"start":{"line":28,"column":51},"end":{"line":28,"column":53}}],"line":28},"4":{"loc":{"start":{"line":28,"column":55},"end":{"line":28,"column":76}},"type":"default-arg","locations":[{"start":{"line":28,"column":74},"end":{"line":28,"column":76}}],"line":28},"5":{"loc":{"start":{"line":31,"column":2},"end":{"line":33,"column":3}},"type":"if","locations":[{"start":{"line":31,"column":2},"end":{"line":33,"column":3}},{"start":{"line":31,"column":2},"end":{"line":33,"column":3}}],"line":31},"6":{"loc":{"start":{"line":35,"column":2},"end":{"line":37,"column":3}},"type":"if","locations":[{"start":{"line":35,"column":2},"end":{"line":37,"column":3}},{"start":{"line":35,"column":2},"end":{"line":37,"column":3}}],"line":35},"7":{"loc":{"start":{"line":42,"column":30},"end":{"line":42,"column":81}},"type":"default-arg","locations":[{"start":{"line":42,"column":79},"end":{"line":42,"column":81}}],"line":42},"8":{"loc":{"start":{"line":42,"column":32},"end":{"line":42,"column":51}},"type":"default-arg","locations":[{"start":{"line":42,"column":49},"end":{"line":42,"column":51}}],"line":42},"9":{"loc":{"start":{"line":42,"column":53},"end":{"line":42,"column":74}},"type":"default-arg","locations":[{"start":{"line":42,"column":72},"end":{"line":42,"column":74}}],"line":42},"10":{"loc":{"start":{"line":78,"column":9},"end":{"line":80,"column":8}},"type":"cond-expr","locations":[{"start":{"line":79,"column":6},"end":{"line":79,"column":11}},{"start":{"line":80,"column":6},"end":{"line":80,"column":8}}],"line":78},"11":{"loc":{"start":{"line":110,"column":2},"end":{"line":117,"column":3}},"type":"if","locations":[{"start":{"line":110,"column":2},"end":{"line":117,"column":3}},{"start":{"line":110,"column":2},"end":{"line":117,"column":3}}],"line":110},"12":{"loc":{"start":{"line":119,"column":2},"end":{"line":126,"column":3}},"type":"if","locations":[{"start":{"line":119,"column":2},"end":{"line":126,"column":3}},{"start":{"line":119,"column":2},"end":{"line":126,"column":3}}],"line":119},"13":{"loc":{"start":{"line":137,"column":2},"end":{"line":139,"column":3}},"type":"if","locations":[{"start":{"line":137,"column":2},"end":{"line":139,"column":3}},{"start":{"line":137,"column":2},"end":{"line":139,"column":3}}],"line":137},"14":{"loc":{"start":{"line":145,"column":9},"end":{"line":147,"column":22}},"type":"cond-expr","locations":[{"start":{"line":146,"column":6},"end":{"line":146,"column":11}},{"start":{"line":147,"column":6},"end":{"line":147,"column":22}}],"line":145},"15":{"loc":{"start":{"line":159,"column":31},"end":{"line":159,"column":64}},"type":"binary-expr","locations":[{"start":{"line":159,"column":31},"end":{"line":159,"column":58}},{"start":{"line":159,"column":62},"end":{"line":159,"column":64}}],"line":159},"16":{"loc":{"start":{"line":160,"column":33},"end":{"line":160,"column":68}},"type":"binary-expr","locations":[{"start":{"line":160,"column":33},"end":{"line":160,"column":62}},{"start":{"line":160,"column":66},"end":{"line":160,"column":68}}],"line":160},"17":{"loc":{"start":{"line":161,"column":24},"end":{"line":161,"column":71}},"type":"binary-expr","locations":[{"start":{"line":161,"column":24},"end":{"line":161,"column":50}},{"start":{"line":161,"column":54},"end":{"line":161,"column":71}}],"line":161},"18":{"loc":{"start":{"line":162,"column":25},"end":{"line":162,"column":73}},"type":"binary-expr","locations":[{"start":{"line":162,"column":25},"end":{"line":162,"column":52}},{"start":{"line":162,"column":56},"end":{"line":162,"column":73}}],"line":162},"19":{"loc":{"start":{"line":165,"column":2},"end":{"line":167,"column":3}},"type":"if","locations":[{"start":{"line":165,"column":2},"end":{"line":167,"column":3}},{"start":{"line":165,"column":2},"end":{"line":167,"column":3}}],"line":165},"20":{"loc":{"start":{"line":184,"column":13},"end":{"line":190,"column":10}},"type":"default-arg","locations":[{"start":{"line":190,"column":8},"end":{"line":190,"column":10}}],"line":184},"21":{"loc":{"start":{"line":185,"column":20},"end":{"line":189,"column":12}},"type":"default-arg","locations":[{"start":{"line":189,"column":10},"end":{"line":189,"column":12}}],"line":185},"22":{"loc":{"start":{"line":188,"column":14},"end":{"line":188,"column":26}},"type":"default-arg","locations":[{"start":{"line":188,"column":24},"end":{"line":188,"column":26}}],"line":188},"23":{"loc":{"start":{"line":191,"column":6},"end":{"line":191,"column":19}},"type":"binary-expr","locations":[{"start":{"line":191,"column":6},"end":{"line":191,"column":13}},{"start":{"line":191,"column":17},"end":{"line":191,"column":19}}],"line":191},"24":{"loc":{"start":{"line":193,"column":2},"end":{"line":195,"column":3}},"type":"if","locations":[{"start":{"line":193,"column":2},"end":{"line":195,"column":3}},{"start":{"line":193,"column":2},"end":{"line":195,"column":3}}],"line":193},"25":{"loc":{"start":{"line":193,"column":6},"end":{"line":193,"column":33}},"type":"binary-expr","locations":[{"start":{"line":193,"column":6},"end":{"line":193,"column":15}},{"start":{"line":193,"column":19},"end":{"line":193,"column":25}},{"start":{"line":193,"column":29},"end":{"line":193,"column":33}}],"line":193}},"s":{"0":1,"1":1,"2":1,"3":2,"4":2,"5":2,"6":1,"7":1,"8":1,"9":2,"10":4,"11":4,"12":4,"13":1,"14":3,"15":2,"16":1,"17":1,"18":1,"19":1,"20":1,"21":1,"22":1,"23":1,"24":1,"25":2,"26":3,"27":2,"28":2,"29":1,"30":3,"31":1,"32":2,"33":1,"34":1,"35":2,"36":1,"37":1,"38":8,"39":8,"40":4,"41":4,"42":4,"43":4,"44":4,"45":4,"46":4,"47":4,"48":4,"49":4,"50":2,"51":4,"52":11,"53":11,"54":10,"55":1,"56":1},"f":{"0":2,"1":2,"2":2,"3":2,"4":4,"5":4,"6":1,"7":2,"8":3,"9":2,"10":2,"11":1,"12":3,"13":2,"14":8,"15":8,"16":4,"17":11},"b":{"0":[1,1],"1":[4,0],"2":[0],"3":[0],"4":[0],"5":[1,3],"6":[2,1],"7":[1],"8":[1],"9":[1],"10":[1,2],"11":[1,2],"12":[1,1],"13":[1,1],"14":[2,6],"15":[4,2],"16":[4,2],"17":[4,2],"18":[4,2],"19":[2,2],"20":[3],"21":[5],"22":[7],"23":[11,1],"24":[10,1],"25":[11,4,3]},"_coverageSchema":"1a1c01bbd47fc00a2c39e90264f33305004495a9","hash":"12f0c3181a0c86233c72745488d0c26a33188c85"}
}
